<?xml version="1.0" encoding="UTF-8"?>
<testsuite xmlns:xsi="http://www.w3.org/2001/XMLSchema-instance" xsi:noNamespaceSchemaLocation="https://maven.apache.org/surefire/maven-surefire-plugin/xsd/surefire-test-report-3.0.xsd" version="3.0" name="com.mycompany.calculator_app.calculatorIT" time="9.383" tests="6" errors="0" skipped="0" failures="0">
  <properties>
[...]
</properties>
  <testcase name="testFun" classname="com.mycompany.calculator_app.calculatorIT" time="0.002"/>
  <testcase name="testMain" classname="com.mycompany.calculator_app.calculatorIT" time="0"/>
  <testcase name="testExpression2" classname="com.mycompany.calculator_app.calculatorIT" time="9.235"/>
  <testcase name="testDisable" classname="com.mycompany.calculator_app.calculatorIT" time="0"/>
  <testcase name="testEnable" classname="com.mycompany.calculator_app.calculatorIT" time="0.001"/>
  <testcase name="testExpression" classname="com.mycompany.calculator_app.calculatorIT" time="0.053"/>
</testsuite>